<?xml version="1.0" encoding="UTF-8"?>
<!-- Generated by org.testng.reporters.JUnitXMLReporter -->
<testsuite ignored="1" hostname="DESKTOP-8GPV7J2" failures="0" tests="1" name="test runner 1" time="35.968" errors="0" timestamp="2022-01-21T13:16:59 IST">
  <testcase classname="com.contact.test.ContactTest" name="createContactTest" time="22.253"/>
  <testcase classname="com.contact.test.ContactTest" name="createcontactwithOrgTest" time="0.0">
    <ignored/>
  </testcase> <!-- createcontactwithOrgTest -->
</testsuite> <!-- test runner 1 -->
